<?xml version="1.0" encoding="UTF-8"?>
<!-- Generated by org.testng.reporters.JUnitXMLReporter -->
<testsuite hostname="SKAR1201134" ignored="1" name="Default test" tests="1" failures="0" timestamp="27 mar 2020 20:30:38 GMT" time="19.12" errors="0">
  <testcase name="TesteConsultaLupaNegativo" time="8.084" classname="br.com.rsi.hub3.automacao.tdd.testes.TesteConsultaLupa"/>
  <testcase name="TesteConsultaLupaPositivo" time="0.0" classname="br.com.rsi.hub3.automacao.tdd.testes.TesteConsultaLupa">
    <ignored/>
  </testcase> <!-- TesteConsultaLupaPositivo -->
</testsuite> <!-- Default test -->
