<?xml version="1.0" encoding="UTF-8"?>
<testng-results skipped="0" failed="0" ignored="0" total="2" passed="2">
  <reporter-output>
  </reporter-output>
  <suite name="Default suite" duration-ms="22118" started-at="2020-03-26T20:24:57Z" finished-at="2020-03-26T20:25:19Z">
    <groups>
    </groups>
    <test name="Default test" duration-ms="22118" started-at="2020-03-26T20:24:57Z" finished-at="2020-03-26T20:25:19Z">
      <class name="br.com.rsi.hub3.automacao.tdd.testes.TesteLogin">
        <test-method status="PASS" signature="inicializar()[pri:0, instance:br.com.rsi.hub3.automacao.tdd.testes.TesteLogin@21507a04]" name="inicializar" is-config="true" duration-ms="8242" started-at="2020-03-26T17:24:57Z" finished-at="2020-03-26T17:25:05Z">
          <reporter-output>
          </reporter-output>
        </test-method> <!-- inicializar -->
        <test-method status="PASS" signature="TesteLoginNegativo()[pri:0, instance:br.com.rsi.hub3.automacao.tdd.testes.TesteLogin@21507a04]" name="TesteLoginNegativo" duration-ms="1955" started-at="2020-03-26T17:25:05Z" finished-at="2020-03-26T17:25:07Z">
          <reporter-output>
          </reporter-output>
        </test-method> <!-- TesteLoginNegativo -->
        <test-method status="PASS" signature="finalizar()[pri:0, instance:br.com.rsi.hub3.automacao.tdd.testes.TesteLogin@21507a04]" name="finalizar" is-config="true" duration-ms="1426" started-at="2020-03-26T17:25:07Z" finished-at="2020-03-26T17:25:08Z">
          <reporter-output>
          </reporter-output>
        </test-method> <!-- finalizar -->
        <test-method status="PASS" signature="inicializar()[pri:0, instance:br.com.rsi.hub3.automacao.tdd.testes.TesteLogin@21507a04]" name="inicializar" is-config="true" duration-ms="7903" started-at="2020-03-26T17:25:08Z" finished-at="2020-03-26T17:25:16Z">
          <reporter-output>
          </reporter-output>
        </test-method> <!-- inicializar -->
        <test-method status="PASS" signature="TesteLoginPositivo()[pri:0, instance:br.com.rsi.hub3.automacao.tdd.testes.TesteLogin@21507a04]" name="TesteLoginPositivo" duration-ms="1866" started-at="2020-03-26T17:25:16Z" finished-at="2020-03-26T17:25:18Z">
          <reporter-output>
          </reporter-output>
        </test-method> <!-- TesteLoginPositivo -->
        <test-method status="PASS" signature="finalizar()[pri:0, instance:br.com.rsi.hub3.automacao.tdd.testes.TesteLogin@21507a04]" name="finalizar" is-config="true" duration-ms="707" started-at="2020-03-26T17:25:18Z" finished-at="2020-03-26T17:25:19Z">
          <reporter-output>
          </reporter-output>
        </test-method> <!-- finalizar -->
      </class> <!-- br.com.rsi.hub3.automacao.tdd.testes.TesteLogin -->
    </test> <!-- Default test -->
  </suite> <!-- Default suite -->
</testng-results>
